<?xml version="1.0" encoding="UTF-8"?>
<!-- Generated by org.testng.reporters.JUnitReportReporter -->
<testsuite skipped="0" hostname="Family" name="baseFile.bsfl" tests="1" failures="0" timestamp="28 Sep 2019 08:37:00 GMT" time="42.166" errors="0">
  <testcase name="Login" time="42.166" classname="baseFile.bsfl"/>
</testsuite> <!-- baseFile.bsfl -->
