<?xml version="1.0" encoding="UTF-8"?>
<!-- Generated by org.testng.reporters.JUnitReportReporter -->
<testsuite skipped="1" hostname="Family" name="baseFile.dp" tests="1" failures="0" timestamp="09 May 2020 05:41:41 GMT" time="0.000" errors="0">
  <testcase name="f" time="0.000" classname="baseFile.dp">
    <skipped/>
  </testcase> <!-- f -->
</testsuite> <!-- baseFile.dp -->
