<?xml version="1.0" encoding="UTF-8"?>
<!-- Generated by org.testng.reporters.JUnitReportReporter -->
<testsuite skipped="0" hostname="Family" name="appTest.FnlClass2" tests="9" failures="0" timestamp="29 Sep 2019 03:30:02 GMT" time="37.277" errors="0">
  <testcase name="main" time="18.047" classname="appTest.FnlClass2"/>
  <testcase name="f" time="2.961" classname="appTest.FnlClass2"/>
  <testcase name="f" time="2.851" classname="appTest.FnlClass2"/>
  <testcase name="f" time="1.388" classname="appTest.FnlClass2"/>
  <testcase name="f" time="3.522" classname="appTest.FnlClass2"/>
  <testcase name="f" time="2.469" classname="appTest.FnlClass2"/>
  <testcase name="f" time="2.712" classname="appTest.FnlClass2"/>
  <testcase name="f" time="1.465" classname="appTest.FnlClass2"/>
  <testcase name="f" time="1.862" classname="appTest.FnlClass2"/>
</testsuite> <!-- appTest.FnlClass2 -->
